cl : 命令行  warning D9035: “Gm”选项已否决，并将在将来的版本中移除
  源.cpp
<<<<<<< HEAD
E:\deskbook\code\FCB-BIPS\src\CCA\code_add_enc_new\code_add_enc\ecn.h(1,1): warning C4819: 该文件包含不能在当前代码页(936)中表示的字符。请将该文件保存为 Unicode 格式以防止数据丢失
  (编译源文件“源.cpp”)
  
E:\deskbook\code\FCB-BIPS\src\CCA\code_add_enc_new\code_add_enc\zzn2.h(1,1): warning C4819: 该文件包含不能在当前代码页(936)中表示的字符。请将该文件保存为 Unicode 格式以防止数据丢失
  (编译源文件“源.cpp”)
  
  pe1.vcxproj -> E:\deskbook\code\FCB-BIPS\src\CCA\code_add_enc_new\code_add_enc\Debug\pe1.exe
=======
E:\论文实验\FCB-BIPS\src\CCA\code_add_enc_new\code_add_enc\ecn.h(1,1): warning C4819: 该文件包含不能在当前代码页(936)中表示的字符。请将该文件保存为 Unicode 格式以防止数据丢失
  (编译源文件“源.cpp”)
  
E:\论文实验\FCB-BIPS\src\CCA\code_add_enc_new\code_add_enc\zzn2.h(1,1): warning C4819: 该文件包含不能在当前代码页(936)中表示的字符。请将该文件保存为 Unicode 格式以防止数据丢失
  (编译源文件“源.cpp”)
  
  zzn2.cpp
E:\论文实验\FCB-BIPS\src\CCA\code_add_enc_new\code_add_enc\zzn2.cpp(1,1): warning C4819: 该文件包含不能在当前代码页(936)中表示的字符。请将该文件保存为 Unicode 格式以防止数据丢失
E:\论文实验\FCB-BIPS\src\CCA\code_add_enc_new\code_add_enc\zzn2.h(1,1): warning C4819: 该文件包含不能在当前代码页(936)中表示的字符。请将该文件保存为 Unicode 格式以防止数据丢失
  (编译源文件“zzn2.cpp”)
  
  zzn.cpp
  ecn.cpp
E:\论文实验\FCB-BIPS\src\CCA\code_add_enc_new\code_add_enc\ecn.h(1,1): warning C4819: 该文件包含不能在当前代码页(936)中表示的字符。请将该文件保存为 Unicode 格式以防止数据丢失
  (编译源文件“ecn.cpp”)
  
  big.cpp
  正在生成代码...
  pe1.vcxproj -> E:\论文实验\FCB-BIPS\src\CCA\code_add_enc_new\code_add_enc\Debug\pe1.exe
>>>>>>> 5451d5553ff230ab11f6985dd619a12d7445cedb
